<?xml version="1.0" encoding="UTF-8"?>
<!-- Generated by org.testng.reporters.JUnitXMLReporter -->
<testsuite ignored="0" hostname="DESKTOP-O5LKBJK" failures="1" tests="2" name="Test" time="24.549" errors="0" timestamp="2023-09-04T01:32:06 IST">
  <testcase classname="qa.tests.TestCase1" name="sampleMethodForEnteringCredentials" time="6.38">
    <skipped/>
  </testcase> <!-- sampleMethodForEnteringCredentials -->
  <testcase classname="qa.tests.TestCase1" name="sampleMethodForEnteringCredentials" time="5.904">
    <failure type="java.lang.AssertionError" message="Element not found expected [true] but found [false]">
      <![CDATA[java.lang.AssertionError: Element not found expected [true] but found [false]
at pageEvents.LoginPageEvents.verifyIfLoginPageIsLoaded(LoginPageEvents.java:14)
at qa.tests.TestCase1.sampleMethodForEnteringCredentials(TestCase1.java:19)
at java.base/java.util.ArrayList.forEach(ArrayList.java:1511)
... Removed 28 stack frames]]>
    </failure>
  </testcase> <!-- sampleMethodForEnteringCredentials -->
</testsuite> <!-- Test -->
